<?xml version="1.0" encoding="UTF-8"?>
<!-- Generated by org.testng.reporters.JUnitXMLReporter -->
<testsuite ignored="0" hostname="DESKTOP-VT7J1N4" failures="0" tests="6" name="Default test" time="7.381" errors="0" timestamp="2026-03-07T20:46:44 CET">
  <testcase classname="api.test.DDTests" name="testPostUser" time="2.707"/>
  <testcase classname="api.test.DDTests" name="testPostUser" time="0.692"/>
  <testcase classname="api.test.DDTests" name="testPostUser" time="0.674"/>
  <testcase classname="api.test.DDTests" name="testDeleteUser" time="0.731"/>
  <testcase classname="api.test.DDTests" name="testDeleteUser" time="0.697"/>
  <testcase classname="api.test.DDTests" name="testDeleteUser" time="0.684"/>
</testsuite> <!-- Default test -->
