<?xml version="1.0" encoding="UTF-8"?>
<testng-results ignored="0" total="4" passed="4" failed="0" skipped="0">
  <reporter-output>
  </reporter-output>
  <suite started-at="2026-03-08T12:04:25 CET" name="PetSuite" finished-at="2026-03-08T12:04:32 CET" duration-ms="7051">
    <groups>
    </groups>
    <test started-at="2026-03-08T12:04:25 CET" name="PetTest" finished-at="2026-03-08T12:04:32 CET" duration-ms="7051">
      <class name="api.test.UserTestsForPropertiesResources">
        <test-method is-config="true" signature="setupData()[pri:0, instance:api.test.UserTestsForPropertiesResources@4f6ee6e4]" started-at="2026-03-08T12:04:25 CET" name="setupData" finished-at="2026-03-08T12:04:25 CET" duration-ms="543" status="PASS">
          <reporter-output>
          </reporter-output>
        </test-method> <!-- setupData -->
        <test-method signature="testPostUser()[pri:1, instance:api.test.UserTestsForPropertiesResources@4f6ee6e4]" started-at="2026-03-08T12:04:25 CET" name="testPostUser" finished-at="2026-03-08T12:04:28 CET" duration-ms="2575" status="PASS">
          <reporter-output>
          </reporter-output>
        </test-method> <!-- testPostUser -->
        <test-method signature="testGetUserByUsername()[pri:2, instance:api.test.UserTestsForPropertiesResources@4f6ee6e4]" started-at="2026-03-08T12:04:28 CET" name="testGetUserByUsername" finished-at="2026-03-08T12:04:29 CET" duration-ms="777" status="PASS">
          <reporter-output>
          </reporter-output>
        </test-method> <!-- testGetUserByUsername -->
        <test-method signature="testUpdateUser()[pri:3, instance:api.test.UserTestsForPropertiesResources@4f6ee6e4]" started-at="2026-03-08T12:04:29 CET" name="testUpdateUser" finished-at="2026-03-08T12:04:30 CET" duration-ms="1483" status="PASS">
          <reporter-output>
          </reporter-output>
        </test-method> <!-- testUpdateUser -->
        <test-method signature="testDeleteUser()[pri:4, instance:api.test.UserTestsForPropertiesResources@4f6ee6e4]" started-at="2026-03-08T12:04:30 CET" name="testDeleteUser" finished-at="2026-03-08T12:04:32 CET" duration-ms="1431" status="PASS">
          <reporter-output>
          </reporter-output>
        </test-method> <!-- testDeleteUser -->
      </class> <!-- api.test.UserTestsForPropertiesResources -->
    </test> <!-- PetTest -->
  </suite> <!-- PetSuite -->
</testng-results>
