<?xml version="1.0" encoding="UTF-8"?>
<!-- Generated by org.testng.reporters.JUnitReportReporter -->
<testsuite hostname="DESKTOP-VT7J1N4" failures="0" tests="4" name="api.test.UserTestsForPropertiesResources" time="5.918" errors="0" timestamp="2026-03-09T12:13:55 CET" skipped="0">
  <testcase classname="api.test.UserTestsForPropertiesResources" name="testPostUser" time="2.341"/>
  <system-out/>
  <testcase classname="api.test.UserTestsForPropertiesResources" name="testGetUserByUsername" time="0.722"/>
  <system-out/>
  <testcase classname="api.test.UserTestsForPropertiesResources" name="testUpdateUser" time="1.423"/>
  <system-out/>
  <testcase classname="api.test.UserTestsForPropertiesResources" name="testDeleteUser" time="1.432"/>
  <system-out/>
</testsuite> <!-- api.test.UserTestsForPropertiesResources -->
