<?xml version="1.0" encoding="UTF-8"?>
<!-- Generated by org.testng.reporters.JUnitReportReporter -->
<testsuite hostname="DESKTOP-VT7J1N4" failures="0" tests="6" name="api.test.DDTests" time="6.185" errors="0" timestamp="2026-03-07T20:46:44 CET" skipped="0">
  <testcase classname="api.test.DDTests" name="testPostUser" time="0.674"/>
  <system-out/>
  <testcase classname="api.test.DDTests" name="testPostUser" time="0.692"/>
  <system-out/>
  <testcase classname="api.test.DDTests" name="testPostUser" time="2.707"/>
  <system-out/>
  <testcase classname="api.test.DDTests" name="testDeleteUser" time="0.731"/>
  <system-out/>
  <testcase classname="api.test.DDTests" name="testDeleteUser" time="0.684"/>
  <system-out/>
  <testcase classname="api.test.DDTests" name="testDeleteUser" time="0.697"/>
  <system-out/>
</testsuite> <!-- api.test.DDTests -->
