<?xml version="1.0" encoding="UTF-8"?>
<!-- Generated by org.testng.reporters.JUnitReportReporter -->
<testsuite hostname="DESKTOP-VT7J1N4" failures="0" tests="4" name="api.test.UserTests" time="6.045" errors="0" timestamp="2026-03-08T10:49:44 CET" skipped="0">
  <testcase classname="api.test.UserTests" name="testPostUser" time="2.486"/>
  <system-out/>
  <testcase classname="api.test.UserTests" name="testGetUserByUsername" time="0.731"/>
  <system-out/>
  <testcase classname="api.test.UserTests" name="testUpdateUser" time="1.398"/>
  <system-out/>
  <testcase classname="api.test.UserTests" name="testDeleteUser" time="1.430"/>
  <system-out/>
</testsuite> <!-- api.test.UserTests -->
