<?xml version="1.0" encoding="UTF-8"?>
<!-- Generated by org.testng.reporters.JUnitReportReporter -->
<testsuite hostname="DESKTOP-VT7J1N4" failures="0" tests="4" name="api.test.UserTestsForPropertiesResources" time="6.266" errors="0" timestamp="2026-03-08T12:04:32 CET" skipped="0">
  <testcase classname="api.test.UserTestsForPropertiesResources" name="testPostUser" time="2.575"/>
  <system-out/>
  <testcase classname="api.test.UserTestsForPropertiesResources" name="testGetUserByUsername" time="0.777"/>
  <system-out/>
  <testcase classname="api.test.UserTestsForPropertiesResources" name="testUpdateUser" time="1.483"/>
  <system-out/>
  <testcase classname="api.test.UserTestsForPropertiesResources" name="testDeleteUser" time="1.431"/>
  <system-out/>
</testsuite> <!-- api.test.UserTestsForPropertiesResources -->
