<?xml version="1.0" encoding="UTF-8"?>
<!-- Generated by org.testng.reporters.JUnitXMLReporter -->
<testsuite ignored="0" hostname="DESKTOP-VT7J1N4" failures="0" tests="4" name="PetTest" time="7.051" errors="0" timestamp="2026-03-08T12:04:32 CET">
  <testcase classname="api.test.UserTestsForPropertiesResources" name="testPostUser" time="2.575"/>
  <testcase classname="api.test.UserTestsForPropertiesResources" name="testGetUserByUsername" time="0.777"/>
  <testcase classname="api.test.UserTestsForPropertiesResources" name="testUpdateUser" time="1.483"/>
  <testcase classname="api.test.UserTestsForPropertiesResources" name="testDeleteUser" time="1.431"/>
</testsuite> <!-- PetTest -->
