<?xml version="1.0" encoding="UTF-8"?>
<!-- Generated by org.testng.reporters.JUnitXMLReporter -->
<testsuite ignored="0" hostname="DESKTOP-VT7J1N4" failures="0" tests="4" name="PetTest" time="6.776" errors="0" timestamp="2026-03-09T12:13:54 CET">
  <testcase classname="api.test.UserTestsForPropertiesResources" name="testPostUser" time="2.341"/>
  <testcase classname="api.test.UserTestsForPropertiesResources" name="testGetUserByUsername" time="0.722"/>
  <testcase classname="api.test.UserTestsForPropertiesResources" name="testUpdateUser" time="1.423"/>
  <testcase classname="api.test.UserTestsForPropertiesResources" name="testDeleteUser" time="1.432"/>
</testsuite> <!-- PetTest -->
